<?xml version="1.0" encoding="UTF-8"?>
<!-- Generated by org.testng.reporters.JUnitReportReporter -->
<testsuite hostname="MSI" failures="0" tests="1" name="TestScript.ThirdTest" time="60.449" errors="0" timestamp="2023-02-22T18:43:40 IST" skipped="0">
  <testcase classname="TestScript.ThirdTest" name="thirdTest" time="60.449"/>
  <system-out/>
</testsuite> <!-- TestScript.ThirdTest -->
