<?xml version="1.0" encoding="UTF-8"?>
<!-- Generated by org.testng.reporters.JUnitReportReporter -->
<testsuite hostname="MSI" failures="0" tests="1" name="TestScript.SecondTest" time="12.843" errors="0" timestamp="2023-02-22T18:48:26 IST" skipped="0">
  <testcase classname="TestScript.SecondTest" name="secondTest" time="12.843"/>
  <system-out/>
</testsuite> <!-- TestScript.SecondTest -->
