<?xml version="1.0" encoding="UTF-8"?>
<!-- Generated by org.testng.reporters.JUnitReportReporter -->
<testsuite hostname="MSI" failures="0" tests="1" name="TestScript.FourthTest" time="8.232" errors="0" timestamp="2023-02-22T14:58:29 IST" skipped="0">
  <testcase classname="TestScript.FourthTest" name="firstTest" time="8.232"/>
  <system-out/>
</testsuite> <!-- TestScript.FourthTest -->
