<?xml version="1.0" encoding="UTF-8"?>
<!-- Generated by org.testng.reporters.JUnitReportReporter -->
<testsuite hostname="MSI" failures="0" tests="1" name="TestScript.SecondTest" time="25.520" errors="0" timestamp="2023-02-22T15:00:10 IST" skipped="0">
  <testcase classname="TestScript.SecondTest" name="secondTest" time="25.520"/>
  <system-out/>
</testsuite> <!-- TestScript.SecondTest -->
