<?xml version="1.0" encoding="UTF-8"?>
<!-- Generated by org.testng.reporters.JUnitReportReporter -->
<testsuite hostname="MSI" failures="0" tests="1" name="TestScript.ThirdTest" time="19.161" errors="0" timestamp="2023-02-22T14:14:05 IST" skipped="0">
  <testcase classname="TestScript.ThirdTest" name="thirdTest" time="19.161"/>
  <system-out/>
</testsuite> <!-- TestScript.ThirdTest -->
