<?xml version="1.0" encoding="UTF-8"?>
<!-- Generated by org.testng.reporters.JUnitReportReporter -->
<testsuite hostname="MSI" failures="0" tests="1" name="TestScript.ThirdTest" time="81.725" errors="0" timestamp="2023-02-22T19:55:18 IST" skipped="0">
  <testcase classname="TestScript.ThirdTest" name="thirdTest" time="81.725"/>
  <system-out/>
</testsuite> <!-- TestScript.ThirdTest -->
