<?xml version="1.0" encoding="UTF-8"?>
<!-- Generated by org.testng.reporters.JUnitReportReporter -->
<testsuite hostname="MSI" failures="0" tests="1" name="TestScript.FirstTest" time="6.585" errors="0" timestamp="2023-02-22T13:54:53 IST" skipped="0">
  <testcase classname="TestScript.FirstTest" name="firstTest" time="6.585"/>
  <system-out/>
</testsuite> <!-- TestScript.FirstTest -->
